0 info it worked if it ends with ok
1 verbose cli [ 'node',
1 verbose cli   '/usr/local/bin/npm',
1 verbose cli   'install',
1 verbose cli   'trough2',
1 verbose cli   '--save-dev' ]
2 info using npm@1.4.28
3 info using node@v0.10.36
4 verbose readDependencies using package.json deps
5 verbose cache add [ 'trough2', null ]
6 verbose cache add name=undefined spec="trough2" args=["trough2",null]
7 verbose parsed url { protocol: null,
7 verbose parsed url   slashes: null,
7 verbose parsed url   auth: null,
7 verbose parsed url   host: null,
7 verbose parsed url   port: null,
7 verbose parsed url   hostname: null,
7 verbose parsed url   hash: null,
7 verbose parsed url   search: null,
7 verbose parsed url   query: null,
7 verbose parsed url   pathname: 'trough2',
7 verbose parsed url   path: 'trough2',
7 verbose parsed url   href: 'trough2' }
8 silly lockFile 721dfcf3-trough2 trough2
9 verbose lock trough2 /Users/willy/.npm/721dfcf3-trough2.lock
10 silly lockFile 721dfcf3-trough2 trough2
11 silly lockFile 721dfcf3-trough2 trough2
12 verbose addNamed [ 'trough2', '' ]
13 verbose addNamed [ null, '*' ]
14 silly lockFile f5d10bb6-trough2 trough2@
15 verbose lock trough2@ /Users/willy/.npm/f5d10bb6-trough2.lock
16 silly addNameRange { name: 'trough2', range: '*', hasData: false }
17 verbose request where is /trough2
18 verbose request registry https://registry.npmjs.org/
19 verbose request id 03c79125e365cfb6
20 verbose url raw /trough2
21 verbose url resolving [ 'https://registry.npmjs.org/', './trough2' ]
22 verbose url resolved https://registry.npmjs.org/trough2
23 verbose request where is https://registry.npmjs.org/trough2
24 info trying registry request attempt 1 at 16:08:43
25 http GET https://registry.npmjs.org/trough2
26 http 404 https://registry.npmjs.org/trough2
27 verbose headers { date: 'Thu, 12 Feb 2015 15:08:43 GMT',
27 verbose headers   server: 'CouchDB/1.6.1 (Erlang OTP/R14B04)',
27 verbose headers   'content-type': 'application/json',
27 verbose headers   'cache-control': 'max-age=0',
27 verbose headers   'content-length': '52',
27 verbose headers   'accept-ranges': 'bytes',
27 verbose headers   via: '1.1 varnish',
27 verbose headers   age: '0',
27 verbose headers   'x-served-by': 'cache-fra1246-FRA',
27 verbose headers   'x-cache': 'MISS',
27 verbose headers   'x-cache-hits': '0',
27 verbose headers   'x-timer': 'S1423753723.206934,VS0,VE428',
27 verbose headers   'keep-alive': 'timeout=10, max=50',
27 verbose headers   connection: 'Keep-Alive' }
28 silly registry.get cb [ 404,
28 silly registry.get   { date: 'Thu, 12 Feb 2015 15:08:43 GMT',
28 silly registry.get     server: 'CouchDB/1.6.1 (Erlang OTP/R14B04)',
28 silly registry.get     'content-type': 'application/json',
28 silly registry.get     'cache-control': 'max-age=0',
28 silly registry.get     'content-length': '52',
28 silly registry.get     'accept-ranges': 'bytes',
28 silly registry.get     via: '1.1 varnish',
28 silly registry.get     age: '0',
28 silly registry.get     'x-served-by': 'cache-fra1246-FRA',
28 silly registry.get     'x-cache': 'MISS',
28 silly registry.get     'x-cache-hits': '0',
28 silly registry.get     'x-timer': 'S1423753723.206934,VS0,VE428',
28 silly registry.get     'keep-alive': 'timeout=10, max=50',
28 silly registry.get     connection: 'Keep-Alive' } ]
29 silly lockFile f5d10bb6-trough2 trough2@
30 silly lockFile f5d10bb6-trough2 trough2@
31 error 404 404 Not Found: trough2
31 error 404
31 error 404 'trough2' is not in the npm registry.
31 error 404 You should bug the author to publish it
31 error 404 It was specified as a dependency of 'gulp-makepot'
31 error 404
31 error 404 Note that you can also install from a
31 error 404 tarball, folder, or http url, or git url.
32 error System Darwin 14.1.0
33 error command "node" "/usr/local/bin/npm" "install" "trough2" "--save-dev"
34 error cwd /Users/willy/Desktop/gulp/node_modules/gulp-makepot
35 error node -v v0.10.36
36 error npm -v 1.4.28
37 error code E404
38 verbose exit [ 1, true ]
